<?xml version="1.0" encoding="UTF-8"?>
<testng-results skipped="0" failed="0" ignored="0" total="1" passed="1">
  <reporter-output>
  </reporter-output>
  <suite name="Default suite" duration-ms="12843" started-at="2021-12-10T15:24:36 IST" finished-at="2021-12-10T15:24:49 IST">
    <groups>
    </groups>
    <test name="Default test" duration-ms="12843" started-at="2021-12-10T15:24:36 IST" finished-at="2021-12-10T15:24:49 IST">
      <class name="com.parameters.ParameterUsingGitHub">
        <test-method status="PASS" signature="parameters()[pri:0, instance:com.parameters.ParameterUsingGitHub@3234e239]" name="parameters" duration-ms="12780" started-at="2021-12-10T15:24:36 IST" finished-at="2021-12-10T15:24:49 IST">
          <reporter-output>
          </reporter-output>
        </test-method> <!-- parameters -->
      </class> <!-- com.parameters.ParameterUsingGitHub -->
    </test> <!-- Default test -->
  </suite> <!-- Default suite -->
</testng-results>
